<?xml version="1.0" encoding="UTF-8"?>
<!-- Generated by org.testng.reporters.JUnitXMLReporter -->
<testsuite ignored="8" hostname="Scaletech-GS" failures="0" tests="1" name="Default test" time="12.594" errors="0" timestamp="2023-12-12T18:22:09 IST">
  <testcase classname="Think.ihk_test.displayBannerCreativePreview" name="configurationChangeByDropdown" time="9.991"/>
  <testcase classname="Think.ihk_test.displayBannerCreativePreview" name="checkPreview300_600" time="0.0">
    <ignored/>
  </testcase> <!-- checkPreview300_600 -->
  <testcase classname="Think.ihk_test.displayBannerCreativePreview" name="checkPreview250_250" time="0.0">
    <ignored/>
  </testcase> <!-- checkPreview250_250 -->
  <testcase classname="Think.ihk_test.displayBannerCreativePreview" name="checkPreviewAfterEdit" time="0.0">
    <ignored/>
  </testcase> <!-- checkPreviewAfterEdit -->
  <testcase classname="Think.ihk_test.displayBannerCreativePreview" name="checkPreview800_250" time="0.0">
    <ignored/>
  </testcase> <!-- checkPreview800_250 -->
  <testcase classname="Think.ihk_test.displayBannerCreativePreview" name="checkPreview300_250" time="0.0">
    <ignored/>
  </testcase> <!-- checkPreview300_250 -->
  <testcase classname="Think.ihk_test.displayBannerCreativePreview" name="checkPreview728_90" time="0.0">
    <ignored/>
  </testcase> <!-- checkPreview728_90 -->
  <testcase classname="Think.ihk_test.displayBannerCreativePreview" name="checkPreview160_600" time="0.0">
    <ignored/>
  </testcase> <!-- checkPreview160_600 -->
  <testcase classname="Think.ihk_test.displayBannerCreativePreview" name="checkPreview" time="0.0">
    <ignored/>
  </testcase> <!-- checkPreview -->
</testsuite> <!-- Default test -->
