<?xml version="1.0" encoding="UTF-8"?>
<!-- Generated by org.testng.reporters.JUnitXMLReporter -->
<testsuite ignored="8" hostname="Scaletech-GS" failures="0" tests="1" name="Default test" time="27.241" errors="0" timestamp="2023-12-21T10:35:21 IST">
  <testcase classname="Think.ihk_test.displayBannerCreativeListing" name="duplicateList" time="20.121"/>
  <testcase classname="Think.ihk_test.displayBannerCreativeListing" name="deleteList" time="0.0">
    <ignored/>
  </testcase> <!-- deleteList -->
  <testcase classname="Think.ihk_test.displayBannerCreativeListing" name="filterRegionCreativeListing" time="0.0">
    <ignored/>
  </testcase> <!-- filterRegionCreativeListing -->
  <testcase classname="Think.ihk_test.displayBannerCreativeListing" name="searchCreativeListingMessage" time="0.0">
    <ignored/>
  </testcase> <!-- searchCreativeListingMessage -->
  <testcase classname="Think.ihk_test.displayBannerCreativeListing" name="navigateToTemplateList" time="0.0">
    <ignored/>
  </testcase> <!-- navigateToTemplateList -->
  <testcase classname="Think.ihk_test.displayBannerCreativeListing" name="compareSearchCreativeListing" time="0.0">
    <ignored/>
  </testcase> <!-- compareSearchCreativeListing -->
  <testcase classname="Think.ihk_test.displayBannerCreativeListing" name="addNewCampaign" time="0.0">
    <ignored/>
  </testcase> <!-- addNewCampaign -->
  <testcase classname="Think.ihk_test.displayBannerCreativeListing" name="compareImageList" time="0.0">
    <ignored/>
  </testcase> <!-- compareImageList -->
  <testcase classname="Think.ihk_test.displayBannerCreativeListing" name="compareHeadlineList" time="0.0">
    <ignored/>
  </testcase> <!-- compareHeadlineList -->
</testsuite> <!-- Default test -->
