<?xml version="1.0" encoding="UTF-8"?>
<testng-results ignored="1" total="2" passed="1" failed="0" skipped="0">
  <reporter-output>
  </reporter-output>
  <suite started-at="2023-12-01T18:35:26 IST" name="Default suite" finished-at="2023-12-01T18:35:42 IST" duration-ms="15708">
    <groups>
    </groups>
    <test started-at="2023-12-01T18:35:26 IST" name="Default test" finished-at="2023-12-01T18:35:42 IST" duration-ms="15708">
      <class name="Think.ihk_test.displayBannerCreativePreview">
        <test-method is-config="true" signature="launchApplication()[pri:0, instance:Think.ihk_test.displayBannerCreativePreview@42e99e4a]" started-at="2023-12-01T18:35:26 IST" name="launchApplication" finished-at="2023-12-01T18:35:30 IST" duration-ms="3627" status="PASS">
          <reporter-output>
          </reporter-output>
        </test-method> <!-- launchApplication -->
        <test-method signature="configurationChangeByDropdown()[pri:0, instance:Think.ihk_test.displayBannerCreativePreview@42e99e4a]" started-at="2023-12-01T18:35:30 IST" name="configurationChangeByDropdown" finished-at="2023-12-01T18:35:42 IST" duration-ms="11947" status="PASS">
          <reporter-output>
          </reporter-output>
        </test-method> <!-- configurationChangeByDropdown -->
        <test-method is-config="true" signature="TearDown()[pri:0, instance:Think.ihk_test.displayBannerCreativePreview@42e99e4a]" started-at="2023-12-01T18:35:42 IST" name="TearDown" finished-at="2023-12-01T18:35:42 IST" duration-ms="107" status="PASS">
          <reporter-output>
          </reporter-output>
        </test-method> <!-- TearDown -->
      </class> <!-- Think.ihk_test.displayBannerCreativePreview -->
    </test> <!-- Default test -->
  </suite> <!-- Default suite -->
</testng-results>
